<?xml version="1.0" encoding="UTF-8"?>
<coverage generated="1678774168241" clover="3.2.0">
  <project timestamp="1678774168242" name="All files">
    <metrics statements="6" coveredstatements="6" conditionals="4" coveredconditionals="4" methods="4" coveredmethods="4" elements="14" coveredelements="14" complexity="0" loc="6" ncloc="6" packages="1" files="2" classes="2"/>
    <file name="AboutPage.tsx" path="D:\RSSchool\React\REACT2023Q1\src\pages\AboutPage.tsx">
      <metrics statements="3" coveredstatements="3" conditionals="2" coveredconditionals="2" methods="2" coveredmethods="2"/>
      <line num="1" count="1" type="cond" truecount="1" falsecount="0"/>
      <line num="2" count="1" type="stmt"/>
      <line num="3" count="1" type="cond" truecount="1" falsecount="0"/>
    </file>
    <file name="NotFoundPage.tsx" path="D:\RSSchool\React\REACT2023Q1\src\pages\NotFoundPage.tsx">
      <metrics statements="3" coveredstatements="3" conditionals="2" coveredconditionals="2" methods="2" coveredmethods="2"/>
      <line num="1" count="1" type="cond" truecount="1" falsecount="0"/>
      <line num="2" count="1" type="stmt"/>
      <line num="3" count="1" type="cond" truecount="1" falsecount="0"/>
    </file>
  </project>
</coverage>
